
Circuit 1 cell sky130_fd_pr__nfet_01v8 and Circuit 2 cell sky130_fd_pr__nfet_01v8 are black boxes.
Warning: Equate pins:  cell sky130_fd_pr__nfet_01v8 is a placeholder, treated as a black box.
Warning: Equate pins:  cell sky130_fd_pr__nfet_01v8 is a placeholder, treated as a black box.

Subcircuit pins:
Circuit 1: sky130_fd_pr__nfet_01v8         |Circuit 2: sky130_fd_pr__nfet_01v8         
-------------------------------------------|-------------------------------------------
1                                          |1                                          
2                                          |2                                          
3                                          |3                                          
4                                          |4                                          
---------------------------------------------------------------------------------------
Cell pin lists are equivalent.
Device classes sky130_fd_pr__nfet_01v8 and sky130_fd_pr__nfet_01v8 are equivalent.

Circuit 1 cell sky130_fd_pr__pfet_01v8 and Circuit 2 cell sky130_fd_pr__pfet_01v8 are black boxes.
Warning: Equate pins:  cell sky130_fd_pr__pfet_01v8 is a placeholder, treated as a black box.
Warning: Equate pins:  cell sky130_fd_pr__pfet_01v8 is a placeholder, treated as a black box.

Subcircuit pins:
Circuit 1: sky130_fd_pr__pfet_01v8         |Circuit 2: sky130_fd_pr__pfet_01v8         
-------------------------------------------|-------------------------------------------
1                                          |1                                          
2                                          |2                                          
3                                          |3                                          
4                                          |4                                          
---------------------------------------------------------------------------------------
Cell pin lists are equivalent.
Device classes sky130_fd_pr__pfet_01v8 and sky130_fd_pr__pfet_01v8 are equivalent.

Circuit 1 cell sky130_fd_pr__pfet_01v8_hvt and Circuit 2 cell sky130_fd_pr__pfet_01v8_hvt are black boxes.
Warning: Equate pins:  cell sky130_fd_pr__pfet_01v8_hvt is a placeholder, treated as a black box.
Warning: Equate pins:  cell sky130_fd_pr__pfet_01v8_hvt is a placeholder, treated as a black box.

Subcircuit pins:
Circuit 1: sky130_fd_pr__pfet_01v8_hvt     |Circuit 2: sky130_fd_pr__pfet_01v8_hvt     
-------------------------------------------|-------------------------------------------
1                                          |1                                          
2                                          |2                                          
3                                          |3                                          
4                                          |4                                          
---------------------------------------------------------------------------------------
Cell pin lists are equivalent.
Device classes sky130_fd_pr__pfet_01v8_hvt and sky130_fd_pr__pfet_01v8_hvt are equivalent.

Circuit 1 cell sky130_fd_pr__nfet_03v3_nvt and Circuit 2 cell sky130_fd_pr__nfet_03v3_nvt are black boxes.
Warning: Equate pins:  cell sky130_fd_pr__nfet_03v3_nvt is a placeholder, treated as a black box.
Warning: Equate pins:  cell sky130_fd_pr__nfet_03v3_nvt is a placeholder, treated as a black box.

Subcircuit pins:
Circuit 1: sky130_fd_pr__nfet_03v3_nvt     |Circuit 2: sky130_fd_pr__nfet_03v3_nvt     
-------------------------------------------|-------------------------------------------
1                                          |1                                          
2                                          |2                                          
3                                          |3                                          
4                                          |4                                          
---------------------------------------------------------------------------------------
Cell pin lists are equivalent.
Device classes sky130_fd_pr__nfet_03v3_nvt and sky130_fd_pr__nfet_03v3_nvt are equivalent.

Circuit 1 cell sky130_fd_pr__nfet_g5v0d10v5 and Circuit 2 cell sky130_fd_pr__nfet_g5v0d10v5 are black boxes.
Warning: Equate pins:  cell sky130_fd_pr__nfet_g5v0d10v5 is a placeholder, treated as a black box.
Warning: Equate pins:  cell sky130_fd_pr__nfet_g5v0d10v5 is a placeholder, treated as a black box.

Subcircuit pins:
Circuit 1: sky130_fd_pr__nfet_g5v0d10v5    |Circuit 2: sky130_fd_pr__nfet_g5v0d10v5    
-------------------------------------------|-------------------------------------------
1                                          |1                                          
2                                          |2                                          
3                                          |3                                          
4                                          |4                                          
---------------------------------------------------------------------------------------
Cell pin lists are equivalent.
Device classes sky130_fd_pr__nfet_g5v0d10v5 and sky130_fd_pr__nfet_g5v0d10v5 are equivalent.

Circuit 1 cell sky130_fd_pr__pfet_g5v0d10v5 and Circuit 2 cell sky130_fd_pr__pfet_g5v0d10v5 are black boxes.
Warning: Equate pins:  cell sky130_fd_pr__pfet_g5v0d10v5 is a placeholder, treated as a black box.
Warning: Equate pins:  cell sky130_fd_pr__pfet_g5v0d10v5 is a placeholder, treated as a black box.

Subcircuit pins:
Circuit 1: sky130_fd_pr__pfet_g5v0d10v5    |Circuit 2: sky130_fd_pr__pfet_g5v0d10v5    
-------------------------------------------|-------------------------------------------
1                                          |1                                          
2                                          |2                                          
3                                          |3                                          
4                                          |4                                          
---------------------------------------------------------------------------------------
Cell pin lists are equivalent.
Device classes sky130_fd_pr__pfet_g5v0d10v5 and sky130_fd_pr__pfet_g5v0d10v5 are equivalent.

Class sky130_fd_sc_hvl__lsbuflv2hv_1 (0):  Merged 8 parallel devices.
Class sky130_fd_sc_hvl__lsbuflv2hv_1 (1):  Merged 8 parallel devices.
Subcircuit summary:
Circuit 1: sky130_fd_sc_hvl__lsbuflv2hv_1  |Circuit 2: sky130_fd_sc_hvl__lsbuflv2hv_1  
-------------------------------------------|-------------------------------------------
sky130_fd_pr__nfet_g5v0d10v5 (12->4)       |sky130_fd_pr__nfet_g5v0d10v5 (12->4)       
sky130_fd_pr__pfet_g5v0d10v5 (4)           |sky130_fd_pr__pfet_g5v0d10v5 (4)           
sky130_fd_pr__nfet_01v8 (2)                |sky130_fd_pr__nfet_01v8 (2)                
sky130_fd_pr__pfet_01v8_hvt (2)            |sky130_fd_pr__pfet_01v8_hvt (2)            
Number of devices: 12                      |Number of devices: 12                      
Number of nets: 12                         |Number of nets: 12                         
---------------------------------------------------------------------------------------
Netlists match uniquely.

Subcircuit pins:
Circuit 1: sky130_fd_sc_hvl__lsbuflv2hv_1  |Circuit 2: sky130_fd_sc_hvl__lsbuflv2hv_1  
-------------------------------------------|-------------------------------------------
VPWR                                       |VPWR                                       
VPB                                        |VPB                                        
LVPWR                                      |LVPWR                                      
X                                          |X                                          
A                                          |A                                          
VGND                                       |VGND                                       
VNB                                        |VNB                                        
---------------------------------------------------------------------------------------
Cell pin lists are equivalent.
Device classes sky130_fd_sc_hvl__lsbuflv2hv_1 and sky130_fd_sc_hvl__lsbuflv2hv_1 are equivalent.
Flattening unmatched subcell sky130_fd_pr__nfet_01v8_PVEW3M in circuit Stage0_clk_inv (0)(2 instances)
Flattening unmatched subcell sky130_fd_pr__pfet_01v8_XPB8Y6 in circuit Stage0_clk_inv (0)(2 instances)

Subcircuit summary:
Circuit 1: Stage0_clk_inv                  |Circuit 2: Stage0_clk_inv                  
-------------------------------------------|-------------------------------------------
sky130_fd_pr__nfet_01v8 (2)                |sky130_fd_pr__nfet_01v8 (2)                
sky130_fd_pr__pfet_01v8 (2)                |sky130_fd_pr__pfet_01v8 (2)                
Number of devices: 4                       |Number of devices: 4                       
Number of nets: 5                          |Number of nets: 5                          
---------------------------------------------------------------------------------------
Netlists match uniquely.

Subcircuit pins:
Circuit 1: Stage0_clk_inv                  |Circuit 2: Stage0_clk_inv                  
-------------------------------------------|-------------------------------------------
clka                                       |clka                                       
clk                                        |clk                                        
clkb                                       |clkb                                       
dvddb                                      |dvddb                                      
dvss                                       |dvss                                       
---------------------------------------------------------------------------------------
Cell pin lists are equivalent.
Device classes Stage0_clk_inv and Stage0_clk_inv are equivalent.
Flattening unmatched subcell sky130_fd_pr__pfet_01v8_hvt_3HBZVM in circuit Stage2_latch (0)(10 instances)
Flattening unmatched subcell sky130_fd_pr__nfet_03v3_nvt_WSEQJ8 in circuit Stage2_latch (0)(1 instance)
Flattening unmatched subcell sky130_fd_pr__nfet_01v8_PVEW3M in circuit Stage2_latch (0)(1 instance)
Flattening unmatched subcell sky130_fd_pr__pfet_01v8_3HY9VM in circuit Stage2_latch (0)(1 instance)
Flattening unmatched subcell sky130_fd_pr__nfet_03v3_nvt_UNEQ2N in circuit Stage2_latch (0)(4 instances)

Class Stage2_latch (0):  Merged 5 parallel devices.
Subcircuit summary:
Circuit 1: Stage2_latch                    |Circuit 2: Stage2_latch                    
-------------------------------------------|-------------------------------------------
sky130_fd_pr__pfet_01v8_hvt (10->5)        |sky130_fd_pr__pfet_01v8_hvt (10->5)        
sky130_fd_pr__nfet_03v3_nvt (5)            |sky130_fd_pr__nfet_03v3_nvt (5)            
sky130_fd_pr__nfet_01v8 (1)                |sky130_fd_pr__nfet_01v8 (1)                
sky130_fd_pr__pfet_01v8 (1)                |sky130_fd_pr__pfet_01v8 (1)                
Number of devices: 12                      |Number of devices: 12                      
Number of nets: 13                         |Number of nets: 13                         
---------------------------------------------------------------------------------------
Netlists match uniquely.

Subcircuit pins:
Circuit 1: Stage2_latch                    |Circuit 2: Stage2_latch                    
-------------------------------------------|-------------------------------------------
enab                                       |enab                                       
opos                                       |opos                                       
oneg                                       |oneg                                       
vout                                       |vout                                       
dvdd                                       |dvdd                                       
dvss                                       |dvss                                       
clkb                                       |clkb                                       
dvddb                                      |dvddb                                      
---------------------------------------------------------------------------------------
Cell pin lists are equivalent.
Device classes Stage2_latch and Stage2_latch are equivalent.
Flattening unmatched subcell sky130_fd_pr__pfet_g5v0d10v5_FGL9FS in circuit Stage1 (0)(4 instances)
Flattening unmatched subcell sky130_fd_pr__pfet_g5v0d10v5_E2TVSU in circuit Stage1 (0)(4 instances)
Flattening unmatched subcell sky130_fd_pr__nfet_g5v0d10v5_FJGQ2Y in circuit Stage1 (0)(2 instances)
Flattening unmatched subcell sky130_fd_pr__nfet_03v3_nvt_FJGQ2Y in circuit Stage1 (0)(2 instances)

Class Stage1 (0):  Merged 53 parallel devices.
Subcircuit summary:
Circuit 1: Stage1                          |Circuit 2: Stage1                          
-------------------------------------------|-------------------------------------------
sky130_fd_sc_hvl__lsbuflv2hv_1 (2)         |sky130_fd_sc_hvl__lsbuflv2hv_1 (2)         
sky130_fd_pr__pfet_g5v0d10v5 (56->4)       |sky130_fd_pr__pfet_g5v0d10v5 (8->4)        
sky130_fd_pr__nfet_g5v0d10v5 (2)           |sky130_fd_pr__nfet_g5v0d10v5 (2)           
sky130_fd_pr__nfet_03v3_nvt (2->1)         |sky130_fd_pr__nfet_03v3_nvt (2->1)         
Number of devices: 9                       |Number of devices: 9                       
Number of nets: 15                         |Number of nets: 15                         
---------------------------------------------------------------------------------------
Resolving symmetries by property value.
Resolving symmetries by pin name.
Netlists match uniquely with port errors.

Subcircuit pins:
Circuit 1: Stage1                          |Circuit 2: Stage1                          
-------------------------------------------|-------------------------------------------
avdd                                       |avdd                                       
w_608_n4573#                               |(no matching pin)                          
dvss                                       |dvss                                       
dvdd                                       |dvdd                                       
opos                                       |opos                                       
oneg                                       |oneg                                       
avss                                       |avss                                       
clka                                       |clka                                       
vinn                                       |vinn                                       
vinp                                       |vinp                                       
enab                                       |enab                                       
w_608_n4573#                               |(no matching pin)                          
---------------------------------------------------------------------------------------
Cell pin lists for Stage1 and Stage1 altered to match.
Device classes Stage1 and Stage1 are equivalent.
  Flattening non-matched subcircuits Stage1 Stage1
Flattening unmatched subcell sky130_fd_pr__nfet_01v8_PVEW3M in circuit Stage0_ena_inv (0)(1 instance)
Flattening unmatched subcell sky130_fd_pr__pfet_01v8_XPB8Y6 in circuit Stage0_ena_inv (0)(1 instance)

Subcircuit summary:
Circuit 1: Stage0_ena_inv                  |Circuit 2: Stage0_ena_inv                  
-------------------------------------------|-------------------------------------------
sky130_fd_pr__nfet_01v8 (1)                |sky130_fd_pr__nfet_01v8 (1)                
sky130_fd_pr__pfet_01v8 (1)                |sky130_fd_pr__pfet_01v8 (1)                
Number of devices: 2                       |Number of devices: 2                       
Number of nets: 4                          |Number of nets: 4                          
---------------------------------------------------------------------------------------
Netlists match uniquely.

Subcircuit pins:
Circuit 1: Stage0_ena_inv                  |Circuit 2: Stage0_ena_inv                  
-------------------------------------------|-------------------------------------------
enab                                       |enab                                       
ena                                        |ena                                        
dvdd                                       |dvdd                                       
dvss                                       |dvss                                       
---------------------------------------------------------------------------------------
Cell pin lists are equivalent.
Device classes Stage0_ena_inv and Stage0_ena_inv are equivalent.

Subcircuit summary:
Circuit 1: sky130_icrg_ip__ulpcomp2        |Circuit 2: sky130_icrg_ip__ulpcomp2        
-------------------------------------------|-------------------------------------------
Stage0_clk_inv (1)                         |Stage0_clk_inv (1)                         
Stage2_latch (1)                           |Stage2_latch (1)                           
sky130_fd_sc_hvl__lsbuflv2hv_1 (2)         |sky130_fd_sc_hvl__lsbuflv2hv_1 (2)         
sky130_fd_pr__pfet_g5v0d10v5 (4)           |sky130_fd_pr__pfet_g5v0d10v5 (4)           
sky130_fd_pr__nfet_g5v0d10v5 (2)           |sky130_fd_pr__nfet_g5v0d10v5 (2)           
sky130_fd_pr__nfet_03v3_nvt (2->1)         |sky130_fd_pr__nfet_03v3_nvt (2->1)         
Stage0_ena_inv (1)                         |Stage0_ena_inv (1)                         
Number of devices: 12                      |Number of devices: 12                      
Number of nets: 20                         |Number of nets: 20                         
---------------------------------------------------------------------------------------
Netlists match uniquely.

Subcircuit pins:
Circuit 1: sky130_icrg_ip__ulpcomp2        |Circuit 2: sky130_icrg_ip__ulpcomp2        
-------------------------------------------|-------------------------------------------
avdd                                       |avdd                                       
dvdd                                       |dvdd                                       
dvss                                       |dvss                                       
clk                                        |clk                                        
vinp                                       |vinp                                       
vinn                                       |vinn                                       
vout                                       |vout                                       
ena                                        |ena                                        
avss                                       |avss                                       
---------------------------------------------------------------------------------------
Cell pin lists are equivalent.
Device classes sky130_icrg_ip__ulpcomp2 and sky130_icrg_ip__ulpcomp2 are equivalent.

Final result: Circuits match uniquely.
.
