sky130_icrg_ip__ulpcomp2 {sky130_icrg_ip__ulpcomp2 10}
----------------------------------------
MV diffusion to LV nwell spacing < 0.825um (hvi.5 + nsd/psd.5)
----------------------------------------
 29.745 -0.740 30.570 -0.730
 29.745 -0.740 33.855 -0.730
 33.030 -0.740 33.855 -0.730
 30.570 0.085 33.030 0.095
----------------------------------------
Spacing of HV nwell to HV nwell < 2.0um (nwell.8)
----------------------------------------
 -1.950 -10.000 0.000 -9.270
 -1.950 -8.000 0.000 -7.270
 0.000 -10.000 5.500 -9.270
 5.050 -8.000 5.500 0.000
 7.050 -10.000 22.240 -9.270
 5.050 -24.260 5.500 -9.270
 7.050 -8.000 7.500 0.000
 0.000 -8.000 5.500 -7.270
 7.050 -8.000 22.240 -7.270
 7.050 -24.260 7.500 -9.270
 5.050 0.000 5.500 6.990
 7.050 0.000 7.500 6.990
----------------------------------------

